TN:
SF:src/RewardReceiver.sol
FN:28,RewardReceiver.onlyOwnerClientOrProvider
FNDA:267,RewardReceiver.onlyOwnerClientOrProvider
DA:30,267
BRDA:30,0,0,1
BRDA:30,0,1,266
FN:33,RewardReceiver.onlyOwnerOrProvider
FNDA:262,RewardReceiver.onlyOwnerOrProvider
DA:38,262
BRDA:38,1,0,-
BRDA:38,1,1,1
FN:40,RewardReceiver.onlyClient
FNDA:327,RewardReceiver.onlyClient
DA:43,327
BRDA:43,2,0,-
BRDA:43,2,1,70
FN:46,RewardReceiver.onlyStakePadOrProviderOrAdmin
FNDA:6,RewardReceiver.onlyStakePadOrProviderOrAdmin
DA:50,6
BRDA:50,3,0,1
BRDA:50,3,1,3
FN:53,RewardReceiver.notPendingState
FNDA:266,RewardReceiver.notPendingState
DA:55,266
BRDA:55,4,0,2
BRDA:55,4,1,264
FN:66,RewardReceiver.
FNDA:0,RewardReceiver.
FN:66,RewardReceiver.initialize
FNDA:30,RewardReceiver.initialize
DA:70,29
DA:71,28
DA:74,27
DA:75,27
DA:76,27
DA:77,26
FN:83,RewardReceiver.withdraw
FNDA:267,RewardReceiver.withdraw
DA:85,263
DA:86,263
DA:87,102
BRDA:87,5,0,102
BRDA:86,5,1,161
DA:90,161
DA:91,263
BRDA:91,6,0,14
BRDA:91,6,1,249
DA:93,249
DA:95,249
DA:97,249
DA:98,249
DA:99,249
DA:101,249
BRDA:101,7,0,2
BRDA:101,7,1,247
FN:102,RewardReceiver.proposeNewComission
FNDA:262,RewardReceiver.proposeNewComission
DA:104,261
DA:107,71
FN:107,RewardReceiver.proposeNewWithdrawalThreshold
FNDA:331,RewardReceiver.proposeNewWithdrawalThreshold
DA:112,330
FN:113,RewardReceiver.acceptNewComission
FNDA:70,RewardReceiver.acceptNewComission
DA:114,70
DA:115,69
DA:117,69
FN:118,RewardReceiver.acceptNewWithdrawalThreshold
FNDA:327,RewardReceiver.acceptNewWithdrawalThreshold
DA:119,327
DA:123,326
DA:124,326
FN:124,RewardReceiver.cancelNewComission
FNDA:1,RewardReceiver.cancelNewComission
DA:125,1
DA:127,1
FN:129,RewardReceiver.cancelNewWithdrawalThreshold
FNDA:1,RewardReceiver.cancelNewWithdrawalThreshold
DA:130,1
DA:134,1
FN:134,RewardReceiver.comission
FNDA:587,RewardReceiver.comission
DA:135,587
FN:136,RewardReceiver.withdrawalThreshold
FNDA:69,RewardReceiver.withdrawalThreshold
DA:139,69
FN:140,RewardReceiver.addValidator
FNDA:6,RewardReceiver.addValidator
DA:143,5
FN:144,RewardReceiver.removeValidator
FNDA:4,RewardReceiver.removeValidator
DA:147,3
DA:148,3
BRDA:148,8,0,1
BRDA:148,8,1,2
DA:151,2
BRDA:151,9,0,1
DA:153,2
FN:153,RewardReceiver.changeStakePad
FNDA:2,RewardReceiver.changeStakePad
DA:155,1
FN:156,RewardReceiver.percentageWithdraw
FNDA:5,RewardReceiver.percentageWithdraw
DA:160,5
DA:161,3
DA:164,3
DA:165,3
BRDA:165,10,0,1
BRDA:165,10,1,2
DA:166,2
DA:167,2
BRDA:167,11,0,-
BRDA:167,11,1,2
FN:168,RewardReceiver.getValidators
FNDA:8,RewardReceiver.getValidators
DA:169,8
FN:170,RewardReceiver.renounceOwnership
FNDA:1,RewardReceiver.renounceOwnership
DA:171,1
FN:173,RewardReceiver.client
FNDA:2,RewardReceiver.client
DA:177,403
FN:177,RewardReceiver.provider
FNDA:2,RewardReceiver.provider
DA:178,11
FN:179,RewardReceiver.stakePad
FNDA:1,RewardReceiver.stakePad
DA:182,11
FN:183,RewardReceiver.transferOwnership
FNDA:5,RewardReceiver.transferOwnership
DA:189,5
FN:190,RewardReceiver.__Client_init
FNDA:29,RewardReceiver.__Client_init
DA:193,29
BRDA:193,12,0,1
BRDA:193,12,1,28
DA:194,28
FN:194,RewardReceiver.__Provider_init
FNDA:28,RewardReceiver.__Provider_init
DA:197,28
BRDA:197,13,0,1
BRDA:197,13,1,27
DA:198,27
FN:200,RewardReceiver.__stakePad_init
FNDA:27,RewardReceiver.__stakePad_init
DA:202,27
BRDA:202,14,0,1
BRDA:202,14,1,26
DA:203,26
FN:204,RewardReceiver.__initializeRewardReceiver
FNDA:26,RewardReceiver.__initializeRewardReceiver
DA:208,26
FN:212,RewardReceiver._checkValidPercentange
FNDA:363,RewardReceiver._checkValidPercentange
DA:213,363
BRDA:213,15,0,195
BRDA:213,15,1,168
FN:215,RewardReceiver._checkValidWithdrawalThreshold
FNDA:658,RewardReceiver._checkValidWithdrawalThreshold
DA:218,658
BRDA:218,16,0,3
BRDA:218,16,1,655
FNF:32
FNH:31
LF:64
LH:64
BRF:33
BRH:30
end_of_record
TN:
SF:src/StakePadUpgradeableProxy.sol
FN:16,StakePadUpgradeableProxy.implementation
FNDA:1,StakePadUpgradeableProxy.implementation
DA:18,1
FNF:1
FNH:1
LF:1
LH:1
BRF:0
BRH:0
end_of_record
TN:
SF:src/StakePadV1.sol
FN:42,StakePadV1.
FNDA:20,StakePadV1.
DA:45,20
FN:51,StakePadV1.initialize
FNDA:20,StakePadV1.initialize
DA:53,17
DA:54,16
FN:62,StakePadV1.deployNewRewardReceiver
FNDA:2,StakePadV1.deployNewRewardReceiver
DA:64,2
DA:65,2
DA:66,2
DA:67,2
FN:74,StakePadV1.fundValidators
FNDA:5,StakePadV1.fundValidators
DA:76,5
DA:77,5
DA:79,5
BRDA:79,0,0,-
BRDA:79,0,1,5
DA:80,5
BRDA:80,1,0,1
BRDA:80,1,1,4
DA:83,4
DA:86,4
DA:87,2
DA:88,1
FN:99,StakePadV1.updateRewardReceiverImpl
FNDA:2,StakePadV1.updateRewardReceiverImpl
DA:101,2
FN:103,StakePadV1.retrieveETH
FNDA:1,StakePadV1.retrieveETH
DA:107,1
DA:109,1
BRDA:109,2,0,-
BRDA:109,2,1,1
FN:110,StakePadV1.owner
FNDA:4,StakePadV1.owner
DA:111,20
DA:112,20
FN:119,StakePadV1.isRegisteredRewardReceiver
FNDA:1,StakePadV1.isRegisteredRewardReceiver
DA:120,1
FN:122,StakePadV1.transferOwnership
FNDA:2,StakePadV1.transferOwnership
DA:123,2
FN:126,StakePadV1.renounceOwnership
FNDA:1,StakePadV1.renounceOwnership
DA:130,1
FN:134,StakePadV1.rewardReceiverImpl
FNDA:5,StakePadV1.rewardReceiverImpl
DA:138,7
FN:145,StakePadV1._validateWithdrawalCredentials
FNDA:4,StakePadV1._validateWithdrawalCredentials
DA:146,4
BRDA:146,3,0,1
BRDA:146,3,1,3
DA:148,3
DA:149,3
BRDA:149,4,0,1
BRDA:149,4,1,2
FN:154,StakePadV1._isRegisteredRewardReceiver
FNDA:4,StakePadV1._isRegisteredRewardReceiver
DA:155,4
FN:159,StakePadV1._updateRewardReceiverImpl
FNDA:19,StakePadV1._updateRewardReceiverImpl
DA:160,19
BRDA:160,5,0,2
BRDA:160,5,1,17
DA:166,17
FN:167,StakePadV1._addValidatorPubKey
FNDA:2,StakePadV1._addValidatorPubKey
DA:168,2
BRDA:168,6,0,1
BRDA:168,6,1,1
DA:171,1
FN:177,StakePadV1._authorizeUpgrade
FNDA:3,StakePadV1._authorizeUpgrade
FNF:16
FNH:16
LF:32
LH:32
BRF:14
BRH:12
end_of_record
TN:
SF:src/test/TestStakePadV1.sol
FN:24,TestStakePadV1.
FNDA:0,TestStakePadV1.
DA:27,0
FN:28,TestStakePadV1.initialize
FNDA:0,TestStakePadV1.initialize
DA:31,0
DA:32,0
FN:33,TestStakePadV1.deployNewRewardReceiver
FNDA:0,TestStakePadV1.deployNewRewardReceiver
DA:36,0
DA:37,0
DA:38,0
DA:39,0
DA:40,0
FN:46,TestStakePadV1.fundValidators
FNDA:0,TestStakePadV1.fundValidators
DA:48,0
BRDA:48,0,0,-
BRDA:48,0,1,-
DA:49,0
DA:50,0
DA:51,0
DA:52,0
DA:53,0
FN:65,TestStakePadV1.updateRewardReceiverImpl
FNDA:0,TestStakePadV1.updateRewardReceiverImpl
DA:67,0
FN:72,TestStakePadV1.retrieveETH
FNDA:0,TestStakePadV1.retrieveETH
DA:72,0
DA:74,0
DA:75,0
BRDA:75,1,0,-
BRDA:75,1,1,-
FN:75,TestStakePadV1.owner
FNDA:0,TestStakePadV1.owner
DA:79,0
FN:85,TestStakePadV1.isRegisteredRewardReceiver
FNDA:0,TestStakePadV1.isRegisteredRewardReceiver
DA:87,0
FN:87,TestStakePadV1.transferOwnership
FNDA:0,TestStakePadV1.transferOwnership
DA:91,0
FN:92,TestStakePadV1.renounceOwnership
FNDA:0,TestStakePadV1.renounceOwnership
DA:96,0
FN:99,TestStakePadV1.rewardReceiverImpl
FNDA:0,TestStakePadV1.rewardReceiverImpl
DA:103,0
FN:110,TestStakePadV1._validateWithdrawalCredentials
FNDA:0,TestStakePadV1._validateWithdrawalCredentials
DA:112,0
BRDA:112,2,0,-
BRDA:112,2,1,-
DA:114,0
BRDA:114,3,0,-
BRDA:114,3,1,-
FN:119,TestStakePadV1._isRegisteredRewardReceiver
FNDA:0,TestStakePadV1._isRegisteredRewardReceiver
DA:121,0
FN:125,TestStakePadV1._updateRewardReceiverImpl
FNDA:0,TestStakePadV1._updateRewardReceiverImpl
DA:129,0
BRDA:129,4,0,-
BRDA:129,4,1,-
DA:131,0
FN:132,TestStakePadV1._addValidatorPubKey
FNDA:0,TestStakePadV1._addValidatorPubKey
DA:133,0
BRDA:133,5,0,-
BRDA:133,5,1,-
DA:136,0
FN:143,TestStakePadV1._authorizeUpgrade
FNDA:0,TestStakePadV1._authorizeUpgrade
FNF:16
FNH:0
LF:30
LH:0
BRF:12
BRH:0
end_of_record
TN:
SF:src/test/TestStakePadV2.sol
FN:28,TestStakePadV2.
FNDA:0,TestStakePadV2.
DA:31,0
FN:37,TestStakePadV2.initialize
FNDA:0,TestStakePadV2.initialize
DA:39,0
DA:40,0
FN:48,TestStakePadV2.deployNewRewardReceiver
FNDA:0,TestStakePadV2.deployNewRewardReceiver
DA:50,0
DA:51,0
DA:52,0
DA:53,0
DA:54,0
FN:55,TestStakePadV2.setNewVariable
FNDA:0,TestStakePadV2.setNewVariable
DA:58,0
FN:64,TestStakePadV2.fundValidators
FNDA:0,TestStakePadV2.fundValidators
DA:66,0
BRDA:66,0,0,-
BRDA:66,0,1,-
DA:67,0
DA:68,0
DA:69,0
DA:70,0
DA:71,0
FN:83,TestStakePadV2.updateRewardReceiverImpl
FNDA:0,TestStakePadV2.updateRewardReceiverImpl
DA:85,0
FN:85,TestStakePadV2.owner
FNDA:0,TestStakePadV2.owner
DA:89,0
FN:95,TestStakePadV2.isRegisteredRewardReceiver
FNDA:0,TestStakePadV2.isRegisteredRewardReceiver
DA:97,0
FN:97,TestStakePadV2.transferOwnership
FNDA:0,TestStakePadV2.transferOwnership
DA:101,0
FN:101,TestStakePadV2.updateDepositContract
FNDA:0,TestStakePadV2.updateDepositContract
FN:105,TestStakePadV2.renounceOwnership
FNDA:0,TestStakePadV2.renounceOwnership
DA:108,0
FN:111,TestStakePadV2.rewardReceiverImpl
FNDA:0,TestStakePadV2.rewardReceiverImpl
DA:115,0
FN:116,TestStakePadV2._validateWithdrawalCredentials
FNDA:0,TestStakePadV2._validateWithdrawalCredentials
DA:118,0
BRDA:118,1,0,-
BRDA:118,1,1,-
DA:121,0
DA:122,0
BRDA:122,2,0,-
BRDA:122,2,1,-
FN:127,TestStakePadV2._isRegisteredRewardReceiver
FNDA:0,TestStakePadV2._isRegisteredRewardReceiver
DA:128,0
DA:129,0
FN:132,TestStakePadV2._updateRewardReceiverImpl
FNDA:0,TestStakePadV2._updateRewardReceiverImpl
DA:137,0
BRDA:137,3,0,-
BRDA:137,3,1,-
DA:139,0
FN:140,TestStakePadV2._addValidatorPubKey
FNDA:0,TestStakePadV2._addValidatorPubKey
DA:141,0
BRDA:141,4,0,-
BRDA:141,4,1,-
DA:144,0
FN:150,TestStakePadV2._authorizeUpgrade
FNDA:0,TestStakePadV2._authorizeUpgrade
FNF:17
FNH:0
LF:30
LH:0
BRF:10
BRH:0
end_of_record
TN:
SF:test/RewardReceiver.t.sol
FN:10,ContractWithdrawerReceive.
FNDA:0,ContractWithdrawerReceive.
FN:14,SampleAttackContract.
FNDA:1,SampleAttackContract.
DA:15,1
FNF:2
FNH:1
LF:1
LH:1
BRF:0
BRH:0
end_of_record
